{"logTime": "0513/170748", "correlationVector":"85egGB4RhtkeCXs7aYd4Rl.1","action":"SyncServerConnectionManagerRequest", "result":"SYNC_SERVER_OK", "context":{"environment":"Prod_southeastasia_prod-s01-064-apac-southeastasia", "migrationStage":"NotStarted", "server":"akswtt00700002d"}}
{"logTime": "0513/170748", "correlationVector":"85egGB4RhtkeCXs7aYd4Rl.2","action":"ProcessGetUpdates", "result":"Done", "context":{"dataType":"Encryption Keys", "deleted":"0", "process_failed_to_decrypt":"0", "process_pending_decryption":"0", "process_success":"1", "total":"1"}}
{"logTime": "0513/170749", "correlationVector":"JKrf4xeeF/arYEGSial4eg","action":"SyncServerConnectionManagerRequest", "result":"SYNC_SERVER_OK", "context":{"environment":"", "migrationStage":"", "server":""}}
{"logTime": "0513/170749", "correlationVector":"JKrf4xeeF/arYEGSial4eg.0","action":"EncryptionKeysFetcher.DownloadKeys:", "result":"Success", "context":Key count: 8, Last key timestamp: 2024-11-18T15:06:32Z}
{"logTime": "0513/170749", "correlationVector":"JKrf4xeeF/arYEGSial4eg.1","action":"EncryptionKeysManager::SetEncryptionKeys:", "result":"Success", "context":Key names[8]:[/YJTltXGBBtDKwqdTWg0WOeyIPje/DkOCqKvA7OaXRizavSi9mFwT3en/LcjboBFOWj8xOHfME62KLuQXO6hjQ==][emmiPoHi3X0uUmwiWzo5MzOlfnCZibVFAvUvwxjOxVvsItW7ORPHFI7fATsxwuFWYq9BFSgkOYe4tMgxLlLZHw==][wDtBiAgJ70ck7o4mCRBCwJQpMq2kbPPZ2LUuCkEHDBjMAkc2BYuzeD9mjUHX8AO6o062ms8sPgco+0B1nnmwlQ==][rLx8UOrSrLgciUPbjHIJP0ReGqdWrbxb23M0k912gnLRA+aUHED9ItSWxaTRWuZzLwCgl65Hih5wjRE1ghYWug==][qmqhZ7CCl1bwn71PEdJ6ymMGfu1+QOTXTRo1ZtU3Sg2HT4nUIDbyN8f/foQhkVvQ117UXP3cNL1PabQP5k6vow==][B4hVM3hH/aqb1HzMp10Xf5NJLvvNdSpE+9XF2wgzsRuo/IP2e/Iuqc0uYefqLOgS6V/JFEyNeDUyE0yYnJT8Yw==][9lFwDNObbTaUiaxrxh2r1uQOX3ejfwKnnfrh7WVSwV7Y0ppABLhPN0gE3VWvWgNoAI3qhLxTfDeHkxktCJhGpw==][HXpUvDJnL/91AGIEecFqMo9i3sQ/SVP4u8ie/kEwg1VX7X5OTDvjdac1dBLlF5CeEHtrUHM9DbZFEa4UZPxIDA==]}
{"logTime": "0513/170749", "correlationVector":"JKrf4xeeF/arYEGSial4eg.2","action":"EncryptionKeysManager::SetEncryptionKeysWithTimestamps:", "result":"Success", "context":Key timestamps[8]:[2021-10-01T11:00:04Z][2022-04-07T00:41:06Z][2022-05-27T17:03:23Z][2022-11-28T14:30:53Z][2023-05-27T17:25:25Z][2023-11-24T03:41:45Z][2024-05-22T14:45:15Z][2024-11-18T15:06:32Z]}
{"logTime": "0513/170749", "correlationVector":"85egGB4RhtkeCXs7aYd4Rl","action":"Initial GetUpdates", "result":"", "context":Reason: NEW_CLIENT. cV=85egGB4RhtkeCXs7aYd4Rl}
{"logTime": "0513/170749", "correlationVector":"85egGB4RhtkeCXs7aYd4Rl.3","action":"GetUpdates Response", "result":"Success", "context":Received 1 update(s). cV=85egGB4RhtkeCXs7aYd4Rl.0;server=akswtt00700002d;cloudType=Consumer;environment=Prod_southeastasia_prod-s01-064-apac-southeastasia;migrationStage=NotStarted}
{"logTime": "0513/170749", "correlationVector":"AP/ayZCIpCiTzLVFTunnOm","action":"Initial GetUpdates", "result":"", "context":Reason: NEWLY_SUPPORTED_DATATYPE. cV=AP/ayZCIpCiTzLVFTunnOm}
{"logTime": "0513/170750", "correlationVector":"AP/ayZCIpCiTzLVFTunnOm.1","action":"SyncServerConnectionManagerRequest", "result":"SYNC_SERVER_OK", "context":{"environment":"Prod_southeastasia_prod-s01-064-apac-southeastasia", "migrationStage":"NotStarted", "server":"akswtt007000025"}}
{"logTime": "0513/170750", "correlationVector":"AP/ayZCIpCiTzLVFTunnOm.2","action":"ProcessGetUpdates", "result":"Done", "context":{"dataType":"Preferences", "deleted":"1", "process_failed_to_decrypt":"0", "process_pending_decryption":"0", "process_success":"66", "total":"66"}}
{"logTime": "0513/170750", "correlationVector":"AP/ayZCIpCiTzLVFTunnOm.3","action":"ProcessGetUpdates", "result":"Done", "context":{"dataType":"Passwords", "deleted":"0", "process_failed_to_decrypt":"0", "process_pending_decryption":"0", "process_success":"4", "total":"4"}}
{"logTime": "0513/170750", "correlationVector":"AP/ayZCIpCiTzLVFTunnOm.4","action":"ProcessGetUpdates", "result":"Done", "context":{"dataType":"Device Info", "deleted":"0", "process_failed_to_decrypt":"0", "process_pending_decryption":"0", "process_success":"3", "total":"3"}}
{"logTime": "0513/170750", "correlationVector":"AP/ayZCIpCiTzLVFTunnOm.5","action":"GetUpdates Response", "result":"Success", "context":Received 73 update(s). cV=AP/ayZCIpCiTzLVFTunnOm.0;server=akswtt007000025;cloudType=Consumer;environment=Prod_southeastasia_prod-s01-064-apac-southeastasia;migrationStage=NotStarted}
{"logTime": "0513/170750", "correlationVector":"NXC0nQKvOqN2DTBcUOf7qB","action":"Initial GetUpdates", "result":"", "context":Reason: NEWLY_SUPPORTED_DATATYPE. cV=NXC0nQKvOqN2DTBcUOf7qB}
{"logTime": "0513/170750", "correlationVector":"NXC0nQKvOqN2DTBcUOf7qB.1","action":"SyncServerConnectionManagerRequest", "result":"SYNC_SERVER_OK", "context":{"environment":"Prod_southeastasia_prod-s01-064-apac-southeastasia", "migrationStage":"NotStarted", "server":"akswtt00700000k"}}
{"logTime": "0513/170750", "correlationVector":"NXC0nQKvOqN2DTBcUOf7qB.2","action":"ProcessGetUpdates", "result":"Done", "context":{"dataType":"Bookmarks", "deleted":"2", "process_failed_to_decrypt":"0", "process_pending_decryption":"0", "process_success":"8", "total":"8"}}
{"logTime": "0513/170750", "correlationVector":"NXC0nQKvOqN2DTBcUOf7qB.3","action":"GetUpdates Response", "result":"Success", "context":Received 8 update(s). cV=NXC0nQKvOqN2DTBcUOf7qB.0;server=akswtt00700000k;cloudType=Consumer;environment=Prod_southeastasia_prod-s01-064-apac-southeastasia;migrationStage=NotStarted}
{"logTime": "0513/170750", "correlationVector":"SRBM+c/hZ5eMPogztHk+u4","action":"Initial GetUpdates", "result":"", "context":Reason: NEWLY_SUPPORTED_DATATYPE. cV=SRBM+c/hZ5eMPogztHk+u4}
{"logTime": "0513/170750", "correlationVector":"SRBM+c/hZ5eMPogztHk+u4.1","action":"SyncServerConnectionManagerRequest", "result":"SYNC_SERVER_OK", "context":{"environment":"Prod_southeastasia_prod-s01-064-apac-southeastasia", "migrationStage":"NotStarted", "server":"akswtt00700001z"}}
{"logTime": "0513/170750", "correlationVector":"SRBM+c/hZ5eMPogztHk+u4.2","action":"ProcessGetUpdates", "result":"Done", "context":{"dataType":"Autofill Profiles", "deleted":"0", "process_failed_to_decrypt":"0", "process_pending_decryption":"0", "process_success":"2", "total":"2"}}
{"logTime": "0513/170750", "correlationVector":"SRBM+c/hZ5eMPogztHk+u4.3","action":"ProcessGetUpdates", "result":"Done", "context":{"dataType":"Autofill", "deleted":"0", "process_failed_to_decrypt":"0", "process_pending_decryption":"0", "process_success":"18", "total":"18"}}
{"logTime": "0513/170750", "correlationVector":"SRBM+c/hZ5eMPogztHk+u4.4","action":"ProcessGetUpdates", "result":"Done", "context":{"dataType":"Sessions", "deleted":"12", "process_failed_to_decrypt":"0", "process_pending_decryption":"0", "process_success":"13", "total":"13"}}
{"logTime": "0513/170750", "correlationVector":"SRBM+c/hZ5eMPogztHk+u4.5","action":"ProcessGetUpdates", "result":"Done", "context":{"dataType":"Edge Hub App Usage", "deleted":"12", "process_failed_to_decrypt":"0", "process_pending_decryption":"0", "process_success":"17", "total":"17"}}
{"logTime": "0513/170750", "correlationVector":"SRBM+c/hZ5eMPogztHk+u4.6","action":"GetUpdates Response", "result":"Success", "context":Received 50 update(s). cV=SRBM+c/hZ5eMPogztHk+u4.0;server=akswtt00700001z;cloudType=Consumer;environment=Prod_southeastasia_prod-s01-064-apac-southeastasia;migrationStage=NotStarted}
{"logTime": "0513/170750", "correlationVector":"vxd9Im6H/V320eJRbwDkoD","action":"Initial GetUpdates", "result":"", "context":Reason: NEWLY_SUPPORTED_DATATYPE. cV=vxd9Im6H/V320eJRbwDkoD}
{"logTime": "0513/170750", "correlationVector":"vxd9Im6H/V320eJRbwDkoD.1","action":"SyncServerConnectionManagerRequest", "result":"SYNC_SERVER_OK", "context":{"environment":"Prod_southeastasia_prod-s01-064-apac-southeastasia", "migrationStage":"NotStarted", "server":"akswtt00700001c"}}
{"logTime": "0513/170750", "correlationVector":"vxd9Im6H/V320eJRbwDkoD.2","action":"GetUpdates Response", "result":"Success", "context":Received 0 update(s). cV=vxd9Im6H/V320eJRbwDkoD.0;server=akswtt00700001c;cloudType=Consumer;environment=Prod_southeastasia_prod-s01-064-apac-southeastasia;migrationStage=NotStarted}
{"logTime": "0513/170750", "correlationVector":"iRAFXn7J3n5Pznmjr6fcOx","action":"Normal GetUpdate request", "result":"", "context":cV=iRAFXn7J3n5Pznmjr6fcOx
Nudged types: Sessions, Device Info, User Consents
Refresh requested types: Bookmarks, Preferences, Passwords, Autofill Profiles, Autofill, Extensions, Sessions, Extension settings, History Delete Directives, Device Info, User Consents, Send Tab To Self, Web Apps, History, Saved Tab Group, Collection, Edge E Drop, Edge Hub App Usage, Edge Tab Group, Edge Wallet, Encryption Keys}
{"logTime": "0513/170751", "correlationVector":"iRAFXn7J3n5Pznmjr6fcOx.1","action":"SyncServerConnectionManagerRequest", "result":"SYNC_SERVER_OK", "context":{"environment":"Prod_southeastasia_prod-s01-064-apac-southeastasia", "migrationStage":"NotStarted", "server":"akswtt00700002x"}}
{"logTime": "0513/170751", "correlationVector":"iRAFXn7J3n5Pznmjr6fcOx.2","action":"GetUpdates Response", "result":"Success", "context":Received 0 update(s). cV=iRAFXn7J3n5Pznmjr6fcOx.0;server=akswtt00700002x;cloudType=Consumer;environment=Prod_southeastasia_prod-s01-064-apac-southeastasia;migrationStage=NotStarted}
{"logTime": "0513/170751", "correlationVector":"8VpEl3dNrTyEzby9mbIINN","action":"DoCompareDataConsistency requsted types: ", "result":"Bookmarks, Preferences, Passwords, Extensions, Extension settings, History Delete Directives, Send Tab To Self, Web Apps, History, Saved Tab Group, Collection, Edge E Drop, Edge Tab Group, Edge Wallet, Encryption Keys"}
{"logTime": "0513/170751", "correlationVector":"8VpEl3dNrTyEzby9mbIINN.0","action":"CompareDataConsistency result: ", "result":"Compare result: Encryption Keys is consistent. local entities count is: 1 local entities hash is: a6spp4GpkKu5WKwI1ArfSeGLD30="}
{"logTime": "0513/170751", "correlationVector":"8VpEl3dNrTyEzby9mbIINN.1","action":"CompareDataConsistency result: ", "result":"Compare result: Bookmarks is consistent. local entities count is: 1 local entities hash is: OFZ0CRxMU09WoBIgSVt9d+wEyH4="}
{"logTime": "0513/170751", "correlationVector":"8VpEl3dNrTyEzby9mbIINN.2","action":"CompareDataConsistency result: ", "result":"Compare result: Preferences is consistent. local entities count is: 65 local entities hash is: vEIo05u6n5jffLFYDN7yiu8/7iU="}
{"logTime": "0513/170751", "correlationVector":"8VpEl3dNrTyEzby9mbIINN.3","action":"CompareDataConsistency result: ", "result":"Compare result: Extensions is consistent. local entities count is: 0 local entities hash is: "}
{"logTime": "0513/170751", "correlationVector":"8VpEl3dNrTyEzby9mbIINN.4","action":"CompareDataConsistency result: ", "result":"Compare result: Extension settings is consistent. local entities count is: 0 local entities hash is: "}
{"logTime": "0513/170751", "correlationVector":"8VpEl3dNrTyEzby9mbIINN.5","action":"CompareDataConsistency result: ", "result":"Compare result: History Delete Directives is consistent. local entities count is: 0 local entities hash is: "}
{"logTime": "0513/170751", "correlationVector":"8VpEl3dNrTyEzby9mbIINN.6","action":"CompareDataConsistency result: ", "result":"Server did not send this Send Tab To Self local entities count is: 0 local entities hash is: "}
{"logTime": "0513/170751", "correlationVector":"8VpEl3dNrTyEzby9mbIINN.7","action":"CompareDataConsistency result: ", "result":"Compare result: Web Apps is consistent. local entities count is: 0 local entities hash is: "}
{"logTime": "0513/170751", "correlationVector":"8VpEl3dNrTyEzby9mbIINN.8","action":"CompareDataConsistency result: ", "result":"Server did not send this History local entities count is: 0 local entities hash is: "}
{"logTime": "0513/170751", "correlationVector":"8VpEl3dNrTyEzby9mbIINN.9","action":"CompareDataConsistency result: ", "result":"Compare result: Saved Tab Group is consistent. local entities count is: 0 local entities hash is: "}
{"logTime": "0513/170751", "correlationVector":"8VpEl3dNrTyEzby9mbIINN.10","action":"CompareDataConsistency result: ", "result":"Compare result: Collection is consistent. local entities count is: 0 local entities hash is: "}
{"logTime": "0513/170751", "correlationVector":"8VpEl3dNrTyEzby9mbIINN.11","action":"CompareDataConsistency result: ", "result":"Compare result: Edge E Drop is consistent. local entities count is: 0 local entities hash is: "}
{"logTime": "0513/170751", "correlationVector":"8VpEl3dNrTyEzby9mbIINN.12","action":"CompareDataConsistency result: ", "result":"Compare result: Edge Tab Group is consistent. local entities count is: 0 local entities hash is: "}
{"logTime": "0513/170751", "correlationVector":"8VpEl3dNrTyEzby9mbIINN.13","action":"CompareDataConsistency result: ", "result":"Compare result: Edge Wallet is consistent. local entities count is: 0 local entities hash is: "}
{"logTime": "0513/170751", "correlationVector":"8VpEl3dNrTyEzby9mbIINN.14","action":"CompareDataConsistency result: ", "result":"Compare result: Passwords is consistent. local entities count is: 4 local entities hash is: XupBG3rfFiiezA8ODfgebMUTJCA="}
{"logTime": "0513/170751", "correlationVector":"lsCmfRZFwDCRtRnWM1Jepi","action":"Commit Request", "result":"", "context":Item count: 4
Contributing types: Sessions, Device Info, User Consents}
{"logTime": "0513/170751", "correlationVector":"lsCmfRZFwDCRtRnWM1Jepi.1","action":"SyncServerConnectionManagerRequest", "result":"SYNC_SERVER_OK", "context":{"environment":"Prod_southeastasia_prod-s01-064-apac-southeastasia", "migrationStage":"NotStarted", "server":"akswtt00700002d"}}
{"logTime": "0513/170751", "correlationVector":"lsCmfRZFwDCRtRnWM1Jepi.2","action":"Commit Response", "result":"Success", "context":Result: Success. cV=lsCmfRZFwDCRtRnWM1Jepi.0;server=akswtt00700002d;cloudType=Consumer;environment=Prod_southeastasia_prod-s01-064-apac-southeastasia;migrationStage=NotStarted}
{"logTime": "0513/170751", "correlationVector":"","action":"DIAGNOSTIC_REQUEST|v1/diagnosticData/Diagnostic.SendCheckResult()|SUCCESS", "result":""}
{"logTime": "0513/170753", "correlationVector":"VAkLzeT7p1KoY+B8NGI3dj","action":"Commit Request", "result":"", "context":Item count: 5
Contributing types: Preferences, Passwords}
{"logTime": "0513/170754", "correlationVector":"VAkLzeT7p1KoY+B8NGI3dj.1","action":"SyncServerConnectionManagerRequest", "result":"SYNC_SERVER_OK", "context":{"environment":"Prod_southeastasia_prod-s01-064-apac-southeastasia", "migrationStage":"NotStarted", "server":"akswtt007000041"}}
{"logTime": "0513/170754", "correlationVector":"VAkLzeT7p1KoY+B8NGI3dj.2","action":"Commit Response", "result":"Success", "context":Result: Success. cV=VAkLzeT7p1KoY+B8NGI3dj.0;server=akswtt007000041;cloudType=Consumer;environment=Prod_southeastasia_prod-s01-064-apac-southeastasia;migrationStage=NotStarted}
{"logTime": "0513/170754", "correlationVector":"0DDtLcUWL4WT5lmdpiUBqB","action":"Commit Request", "result":"", "context":Item count: 1
Contributing types: User Consents}
{"logTime": "0513/170754", "correlationVector":"0DDtLcUWL4WT5lmdpiUBqB.1","action":"SyncServerConnectionManagerRequest", "result":"SYNC_SERVER_OK", "context":{"environment":"Prod_southeastasia_prod-s01-064-apac-southeastasia", "migrationStage":"NotStarted", "server":"akswtt00700001j"}}
{"logTime": "0513/170754", "correlationVector":"0DDtLcUWL4WT5lmdpiUBqB.2","action":"Commit Response", "result":"Success", "context":Result: Success. cV=0DDtLcUWL4WT5lmdpiUBqB.0;server=akswtt00700001j;cloudType=Consumer;environment=Prod_southeastasia_prod-s01-064-apac-southeastasia;migrationStage=NotStarted}
{"logTime": "0513/170756", "correlationVector":"Qy4OftQHGsPIZFP9aWTnD9","action":"Commit Request", "result":"", "context":Item count: 2
Contributing types: Edge Hub App Usage}
{"logTime": "0513/170757", "correlationVector":"Qy4OftQHGsPIZFP9aWTnD9.1","action":"SyncServerConnectionManagerRequest", "result":"SYNC_SERVER_OK", "context":{"environment":"Prod_southeastasia_prod-s01-064-apac-southeastasia", "migrationStage":"NotStarted", "server":"akswtt00700001j"}}
{"logTime": "0513/170757", "correlationVector":"Qy4OftQHGsPIZFP9aWTnD9.2","action":"Commit Response", "result":"Success", "context":Result: Success. cV=Qy4OftQHGsPIZFP9aWTnD9.0;server=akswtt00700001j;cloudType=Consumer;environment=Prod_southeastasia_prod-s01-064-apac-southeastasia;migrationStage=NotStarted}
